<?xml version="1.0" encoding="UTF-8"?>
<!-- Generated by org.testng.reporters.JUnitReportReporter -->
<testsuite hostname="LAPTOP-JN10RBCP" failures="0" tests="1" name="com.crm.campaign.create_product_campigonTest" time="136.217" errors="0" timestamp="2022-10-13T13:42:56 IST" skipped="0">
  <testcase classname="com.crm.campaign.create_product_campigonTest" name="create_product_campigonTest" time="136.217"/>
  <system-out/>
</testsuite> <!-- com.crm.campaign.create_product_campigonTest -->
