<?xml version="1.0" encoding="UTF-8"?>
<!-- Generated by org.testng.reporters.JUnitReportReporter -->
<testsuite hostname="LAPTOP-JN10RBCP" failures="0" tests="3" name="practice.DataProvider" time="33.804" errors="0" timestamp="2022-10-14T12:02:36 IST" skipped="0">
  <testcase classname="practice.DataProvider" name="SalesOrder" time="11.806"/>
  <system-out/>
  <testcase classname="practice.DataProvider" name="SalesOrder" time="11.086"/>
  <system-out/>
  <testcase classname="practice.DataProvider" name="SalesOrder" time="10.912"/>
  <system-out/>
</testsuite> <!-- practice.DataProvider -->
