<?xml version="1.0" encoding="UTF-8"?>
<!-- Generated by org.testng.reporters.JUnitReportReporter -->
<testsuite hostname="LAPTOP-JN10RBCP" failures="0" tests="1" name="com.crm.product.createproductdeleteTest" time="27.001" errors="0" timestamp="2022-10-10T20:04:58 IST" skipped="0">
  <testcase classname="com.crm.product.createproductdeleteTest" name="createproductdeleteTest" time="27.001"/>
  <system-out/>
</testsuite> <!-- com.crm.product.createproductdeleteTest -->
