<?xml version="1.0" encoding="UTF-8"?>
<!-- Generated by org.testng.reporters.JUnitReportReporter -->
<testsuite hostname="LAPTOP-JN10RBCP" failures="0" tests="1" name="com.crm.product.createproductTest" time="30.160" errors="0" timestamp="2022-10-10T16:22:36 IST" skipped="0">
  <testcase classname="com.crm.product.createproductTest" name="createproductTest" time="30.160"/>
  <system-out/>
</testsuite> <!-- com.crm.product.createproductTest -->
