<?xml version="1.0" encoding="UTF-8"?>
<!-- Generated by org.testng.reporters.JUnitReportReporter -->
<testsuite hostname="LAPTOP-JN10RBCP" failures="0" tests="1" name="practice.Demo" time="0.012" errors="0" timestamp="2022-10-06T11:42:25 IST" skipped="0">
  <testcase classname="practice.Demo" name="m1" time="0.012"/>
  <system-out/>
</testsuite> <!-- practice.Demo -->
